2018-06-21 11:06:30,066-framework-INFO-走火_百度百科
2018-06-21 11:06:30,092-framework-INFO-男友为什么对我说小心走火?_百度知道
2018-06-21 11:06:30,117-framework-INFO-小心走火 - 博客园
2018-06-21 11:06:30,142-framework-INFO-男人走火是什么意思_百度知道
2018-06-21 11:06:30,167-framework-INFO-睇住我走过,你小心走火是什么歌 - 爱问知识人
2018-06-21 11:06:30,193-framework-INFO-小心走火
2018-06-21 11:06:30,219-framework-INFO-Python 实现99乘法表 - 小心走火 - 博客园
2018-06-21 11:06:30,244-framework-INFO-小心枪走火_百度百科
2018-06-21 11:06:30,269-framework-INFO-小心走火_双枪小姐姐歌单 - 虾米音乐
2018-06-21 11:06:30,294-framework-INFO-小心走火 - 逗图大会 - 大众论坛
2018-06-21 11:06:45,180-framework-INFO-小坦克 - 博客园
2018-06-21 11:06:45,206-framework-INFO-无敌小坦克_无敌小坦克手机游戏下载_无敌小坦克安卓版/IOS版-4399...
2018-06-21 11:06:45,231-framework-INFO-小坦克_百度百科
2018-06-21 11:06:45,256-framework-INFO-搬运小坦克_百度百科
2018-06-21 11:06:45,282-framework-INFO-我的随笔 - 小坦克 - 博客园
2018-06-21 11:06:45,308-framework-INFO-搬运小坦克,搬运坦克车,转盘直行小坦克,手摇式小坦克--山东骏腾...
2018-06-21 11:06:45,333-framework-INFO-小坦克-51CTO博客
2018-06-21 11:06:45,358-framework-INFO-我看谁还说小坦克!【斗鱼tv吧】_百度贴吧
2018-06-21 11:06:45,384-framework-INFO-小坦克车_小坦克车价格_优质小坦克车批发/采购 - 阿里巴巴
2018-06-21 11:06:45,410-framework-INFO-【折腾5号】小苹果之《小坦克》-游戏视频-搜狐视频
2018-06-21 11:06:59,137-framework-INFO-仿奢侈品男鞋要多少钱 - jianhao_he5的日志 - 网易博客
2018-06-21 11:06:59,174-framework-INFO-jianhaohe歌曲 - jianhaohe直播间 - 美女视频聊天交友-六间房秀场
2018-06-21 11:06:59,209-framework-INFO-Jianhao He's scientific contributions | Sun Yat-Sen ...
2018-06-21 11:06:59,234-framework-INFO-【图片】【原创】心疼 生子/慎入 HE【香索吧】_百度贴吧
2018-06-21 11:06:59,258-framework-INFO-我的名字~何建号~翻译成壮文是什么?先谢谢了!_百度知道
2018-06-21 11:06:59,292-framework-INFO-jianhaohe的个人主页-阿里巴巴1688.com
2018-06-21 11:06:59,323-framework-INFO-The way ___he looks at problems is wrong. A.which B.w..._魔方格
2018-06-21 11:06:59,355-framework-INFO-例句:hewenttothecinemayesterday.didhegotothecinemayesterday?...
2018-06-21 11:06:59,386-framework-INFO-2015九年级英语精华版Unit4_he_studies_harder_than_he..._百度文库
2018-06-21 11:06:59,411-framework-INFO-Jianhao Zhou | 领英
2018-06-21 11:07:02,440-framework-INFO-attach fileD:\UIFramework\report\report.html
2018-06-21 11:07:03,840-framework-INFO-邮件发送"自动化测试报告"成功！收件人:13661501664@163.com。如果没有受到邮件请检查垃圾箱，同时查看邮件地址是否正确
